The system is: Windows - 10.0.22631 - AMD64
Compiling the C compiler identification source file "CMakeCCompilerId.c" succeeded.
Compiler: C:/Program Files (x86)/Microsoft Visual Studio 8/VC/bin/cl.exe 
Build flags: 
Id flags:  

The output was:
0
Microsoft (R) 32-bit C/C++ Optimizing Compiler Version 14.00.50727.42 for 80x86
Copyright (C) Microsoft Corporation.  All rights reserved.

CMakeCCompilerId.c
Microsoft (R) Incremental Linker Version 8.00.50727.42
Copyright (C) Microsoft Corporation.  All rights reserved.

/out:CMakeCCompilerId.exe 
CMakeCCompilerId.obj 


Compilation of the C compiler identification source "CMakeCCompilerId.c" produced "CMakeCCompilerId.exe"

Compilation of the C compiler identification source "CMakeCCompilerId.c" produced "CMakeCCompilerId.obj"

The C compiler identification is MSVC, found in "C:/Users/maximus/Desktop/SilkroadLauncher/cmake-build-release/CMakeFiles/3.25.2/CompilerIdC/CMakeCCompilerId.exe"

Compiling the CXX compiler identification source file "CMakeCXXCompilerId.cpp" succeeded.
Compiler: C:/Program Files (x86)/Microsoft Visual Studio 8/VC/bin/cl.exe 
Build flags: 
Id flags:  

The output was:
0
Microsoft (R) 32-bit C/C++ Optimizing Compiler Version 14.00.50727.42 for 80x86
Copyright (C) Microsoft Corporation.  All rights reserved.

CMakeCXXCompilerId.cpp
Microsoft (R) Incremental Linker Version 8.00.50727.42
Copyright (C) Microsoft Corporation.  All rights reserved.

/out:CMakeCXXCompilerId.exe 
CMakeCXXCompilerId.obj 


Compilation of the CXX compiler identification source "CMakeCXXCompilerId.cpp" produced "CMakeCXXCompilerId.exe"

Compilation of the CXX compiler identification source "CMakeCXXCompilerId.cpp" produced "CMakeCXXCompilerId.obj"

The CXX compiler identification is MSVC, found in "C:/Users/maximus/Desktop/SilkroadLauncher/cmake-build-release/CMakeFiles/3.25.2/CompilerIdCXX/CMakeCXXCompilerId.exe"

Detecting C compiler ABI info compiled with the following output:
Change Dir: C:/Users/maximus/Desktop/SilkroadLauncher/cmake-build-release/CMakeFiles/CMakeScratch/TryCompile-d0qodh

Run Build Command(s):C:/Program Files/JetBrains/CLion 2022.2.3/bin/ninja/win/x64/ninja.exe cmTC_62a48 && [1/2] Building C object CMakeFiles\cmTC_62a48.dir\CMakeCCompilerABI.c.obj
[2/2] Linking C executable cmTC_62a48.exe



Detecting CXX compiler ABI info compiled with the following output:
Change Dir: C:/Users/maximus/Desktop/SilkroadLauncher/cmake-build-release/CMakeFiles/CMakeScratch/TryCompile-3hya6v

Run Build Command(s):C:/Program Files/JetBrains/CLion 2022.2.3/bin/ninja/win/x64/ninja.exe cmTC_1a88b && [1/2] Building CXX object CMakeFiles\cmTC_1a88b.dir\CMakeCXXCompilerABI.cpp.obj
[2/2] Linking CXX executable cmTC_1a88b.exe



